<?xml version="1.0" encoding="UTF-8"?>
<testng-results skipped="0" failed="0" total="1" passed="1">
  <reporter-output>
  </reporter-output>
  <suite name="Default suite" duration-ms="26040" started-at="2019-02-07T01:36:43Z" finished-at="2019-02-07T01:37:09Z">
    <groups>
    </groups>
    <test name="Default test" duration-ms="26040" started-at="2019-02-07T01:36:43Z" finished-at="2019-02-07T01:37:09Z">
      <class name="tyssfeb1.Bluestonecount1">
        <test-method status="PASS" signature="testmain()[pri:0, instance:tyssfeb1.Bluestonecount1@7f9a81e8]" name="testmain" duration-ms="26005" started-at="2019-02-07T07:06:43Z" finished-at="2019-02-07T07:07:09Z">
          <reporter-output>
          </reporter-output>
        </test-method> <!-- testmain -->
      </class> <!-- tyssfeb1.Bluestonecount1 -->
    </test> <!-- Default test -->
  </suite> <!-- Default suite -->
</testng-results>
